<?xml version="1.0" encoding="UTF-8"?>
<!-- Generated by org.testng.reporters.JUnitXMLReporter -->
<testsuite ignored="0" hostname="DESKTOP-K9LPHN3" failures="0" tests="2" name="ProductionLandingTest" time="0.023" errors="0" timestamp="2025-02-06T16:35:23 IST">
  <testcase classname="Tests.ProductionlandingTest" name="verifyproductionclick" time="0.0">
    <skipped/>
  </testcase> <!-- verifyproductionclick -->
  <testcase classname="Tests.ProductionlandingTest" name="VerifyDebtorlandingpage" time="0.0">
    <skipped/>
  </testcase> <!-- VerifyDebtorlandingpage -->
</testsuite> <!-- ProductionLandingTest -->
